[debug] [2021-01-27T14:47:46.602Z] ----------------------------------------------------------------------
[debug] [2021-01-27T14:47:46.604Z] Command:       C:\Program Files\nodejs\node.exe C:\Users\ASUS\AppData\Roaming\npm\node_modules\firebase-tools\lib\bin\firebase.js serve
[debug] [2021-01-27T14:47:46.604Z] CLI Version:   9.2.2
[debug] [2021-01-27T14:47:46.604Z] Platform:      win32
[debug] [2021-01-27T14:47:46.604Z] Node Version:  v14.15.0
[debug] [2021-01-27T14:47:46.605Z] Time:          Wed Jan 27 2021 09:47:46 GMT-0500 (hora estándar de Colombia)
[debug] [2021-01-27T14:47:46.606Z] ----------------------------------------------------------------------
[debug] [2021-01-27T14:47:46.606Z] 
[debug] [2021-01-27T14:47:46.612Z] > command requires scopes: ["email","openid","https://www.googleapis.com/auth/cloudplatformprojects.readonly","https://www.googleapis.com/auth/firebase","https://www.googleapis.com/auth/cloud-platform"]
[debug] [2021-01-27T14:47:46.613Z] > authorizing via signed-in user
[debug] [2021-01-27T14:47:46.613Z] [iam] checking project henry-app-50edd for permissions ["firebase.projects.get"]
[debug] [2021-01-27T14:47:46.615Z] > refreshing access token with scopes: ["email","https://www.googleapis.com/auth/cloud-platform","https://www.googleapis.com/auth/cloudplatformprojects.readonly","https://www.googleapis.com/auth/firebase","openid"]
[debug] [2021-01-27T14:47:46.616Z] >>> HTTP REQUEST POST https://www.googleapis.com/oauth2/v3/token  
 <request body omitted>
[debug] [2021-01-27T14:47:46.792Z] <<< HTTP RESPONSE 200 {"cache-control":"no-cache, no-store, max-age=0, must-revalidate","pragma":"no-cache","date":"Wed, 27 Jan 2021 14:47:46 GMT","expires":"Mon, 01 Jan 1990 00:00:00 GMT","content-type":"application/json; charset=utf-8","vary":"X-Origin, Referer, Origin,Accept-Encoding","server":"scaffolding on HTTPServer2","x-xss-protection":"0","x-frame-options":"SAMEORIGIN","x-content-type-options":"nosniff","alt-svc":"h3-29=\":443\"; ma=2592000,h3-T051=\":443\"; ma=2592000,h3-Q050=\":443\"; ma=2592000,h3-Q046=\":443\"; ma=2592000,h3-Q043=\":443\"; ma=2592000,quic=\":443\"; ma=2592000; v=\"46,43\"","accept-ranges":"none","transfer-encoding":"chunked"}
[debug] [2021-01-27T14:47:46.799Z] >>> HTTP REQUEST POST https://cloudresourcemanager.googleapis.com/v1/projects/henry-app-50edd:testIamPermissions  
 {"permissions":["firebase.projects.get"]}
[debug] [2021-01-27T14:47:47.305Z] <<< HTTP RESPONSE 200 {"content-type":"application/json; charset=UTF-8","vary":"X-Origin, Referer, Origin,Accept-Encoding","date":"Wed, 27 Jan 2021 14:47:46 GMT","server":"ESF","cache-control":"private","x-xss-protection":"0","x-frame-options":"SAMEORIGIN","x-content-type-options":"nosniff","server-timing":"gfet4t7; dur=372","alt-svc":"h3-29=\":443\"; ma=2592000,h3-T051=\":443\"; ma=2592000,h3-Q050=\":443\"; ma=2592000,h3-Q046=\":443\"; ma=2592000,h3-Q043=\":443\"; ma=2592000,quic=\":443\"; ma=2592000; v=\"46,43\"","accept-ranges":"none","transfer-encoding":"chunked"}
[debug] [2021-01-27T14:47:47.306Z] > refreshing access token with scopes: []
[debug] [2021-01-27T14:47:47.307Z] >>> HTTP REQUEST POST https://www.googleapis.com/oauth2/v3/token  
 <request body omitted>
[debug] [2021-01-27T14:47:47.449Z] <<< HTTP RESPONSE 200 {"cache-control":"no-cache, no-store, max-age=0, must-revalidate","expires":"Mon, 01 Jan 1990 00:00:00 GMT","pragma":"no-cache","date":"Wed, 27 Jan 2021 14:47:47 GMT","content-type":"application/json; charset=utf-8","vary":"X-Origin, Referer, Origin,Accept-Encoding","server":"scaffolding on HTTPServer2","x-xss-protection":"0","x-frame-options":"SAMEORIGIN","x-content-type-options":"nosniff","alt-svc":"h3-29=\":443\"; ma=2592000,h3-T051=\":443\"; ma=2592000,h3-Q050=\":443\"; ma=2592000,h3-Q046=\":443\"; ma=2592000,h3-Q043=\":443\"; ma=2592000,quic=\":443\"; ma=2592000; v=\"46,43\"","accept-ranges":"none","transfer-encoding":"chunked"}
[debug] [2021-01-27T14:47:47.459Z] >>> [apiv2][query] GET https://firebase.googleapis.com/v1beta1/projects/henry-app-50edd [none]
[debug] [2021-01-27T14:47:47.727Z] <<< [apiv2][status] GET https://firebase.googleapis.com/v1beta1/projects/henry-app-50edd 200
[debug] [2021-01-27T14:47:47.727Z] <<< [apiv2][body] GET https://firebase.googleapis.com/v1beta1/projects/henry-app-50edd {"projectId":"henry-app-50edd","projectNumber":"643875518821","displayName":"henry-app","name":"projects/henry-app-50edd","resources":{"hostingSite":"henry-app-50edd","storageBucket":"henry-app-50edd.appspot.com","locationId":"us-central"},"state":"ACTIVE"}
[info] 
[info] === Serving from 'E:\00_Estudios\01_Henry\Henry App\henry-app'...
[info] 
[warn] !  Your requested "node" version "12" doesn't match your global version "14" {"metadata":{"emulator":{"name":"functions"},"message":"Your requested \"node\" version \"12\" doesn't match your global version \"14\""}}
[debug] [2021-01-27T14:47:47.770Z] defaultcredentials: writing to file C:\Users\ASUS\AppData\Roaming\firebase\nicolasv0415_gmail_com_application_default_credentials.json
[debug] [2021-01-27T14:47:47.772Z] Setting GAC to C:\Users\ASUS\AppData\Roaming\firebase\nicolasv0415_gmail_com_application_default_credentials.json {"metadata":{"emulator":{"name":"functions"},"message":"Setting GAC to C:\\Users\\ASUS\\AppData\\Roaming\\firebase\\nicolasv0415_gmail_com_application_default_credentials.json"}}
[debug] [2021-01-27T14:47:47.773Z] >>> [apiv2][query] GET https://firebase.googleapis.com/v1beta1/projects/henry-app-50edd/adminSdkConfig [none]
[debug] [2021-01-27T14:47:48.021Z] <<< [apiv2][status] GET https://firebase.googleapis.com/v1beta1/projects/henry-app-50edd/adminSdkConfig 200
[debug] [2021-01-27T14:47:48.021Z] <<< [apiv2][body] GET https://firebase.googleapis.com/v1beta1/projects/henry-app-50edd/adminSdkConfig {"projectId":"henry-app-50edd","storageBucket":"henry-app-50edd.appspot.com","locationId":"us-central"}
[info] i  functions: Watching "E:\00_Estudios\01_Henry\Henry App\henry-app\functions" for Cloud Functions... {"metadata":{"emulator":{"name":"functions"},"message":"Watching \"E:\\00_Estudios\\01_Henry\\Henry App\\henry-app\\functions\" for Cloud Functions..."}}
[debug] [2021-01-27T14:47:48.059Z] [worker-pool] addWorker(~diagnostic~) {"metadata":{"emulator":{"name":"functions"},"message":"[worker-pool] addWorker(~diagnostic~)"}}
[debug] [2021-01-27T14:47:48.059Z] [worker-pool] Adding worker with key ~diagnostic~, total=1 {"metadata":{"emulator":{"name":"functions"},"message":"[worker-pool] Adding worker with key ~diagnostic~, total=1"}}
[debug] [2021-01-27T14:47:48.059Z] [worker-pool] submitWork(triggerId=) {"metadata":{"emulator":{"name":"functions"},"message":"[worker-pool] submitWork(triggerId=)"}}
[debug] [2021-01-27T14:47:48.059Z] [worker-~diagnostic~-cb7ee1c2-9f7f-492a-98ce-889483a1e6e3]: Assigning socketPath: \\?\pipe\E:\00_Estudios\01_Henry\Henry App\henry-app\functions\25604 {"metadata":{"emulator":{"name":"functions"},"message":"[worker-~diagnostic~-cb7ee1c2-9f7f-492a-98ce-889483a1e6e3]: Assigning socketPath: \\\\?\\pipe\\E:\\00_Estudios\\01_Henry\\Henry App\\henry-app\\functions\\25604"}}
[debug] [2021-01-27T14:47:48.060Z] [worker-~diagnostic~-cb7ee1c2-9f7f-492a-98ce-889483a1e6e3]: BUSY {"metadata":{"emulator":{"name":"functions"},"message":"[worker-~diagnostic~-cb7ee1c2-9f7f-492a-98ce-889483a1e6e3]: BUSY"}}
[debug] [2021-01-27T14:47:48.247Z] [runtime-status] [25604] Functions runtime initialized. {"cwd":"E:\\00_Estudios\\01_Henry\\Henry App\\henry-app\\functions","node_version":"14.15.0"} {"metadata":{"emulator":{"name":"functions"},"message":"[runtime-status] [25604] Functions runtime initialized. {\"cwd\":\"E:\\\\00_Estudios\\\\01_Henry\\\\Henry App\\\\henry-app\\\\functions\",\"node_version\":\"14.15.0\"}"}}
[debug] [2021-01-27T14:47:48.248Z] [runtime-status] [25604] Disabled runtime features: undefined {"metadata":{"emulator":{"name":"functions"},"message":"[runtime-status] [25604] Disabled runtime features: undefined"}}
[debug] [2021-01-27T14:47:48.292Z] [runtime-status] [25604] Resolved module firebase-admin {"declared":true,"installed":true,"version":"9.4.2","resolution":"E:\\00_Estudios\\01_Henry\\Henry App\\henry-app\\functions\\node_modules\\firebase-admin\\lib\\index.js"} {"metadata":{"emulator":{"name":"functions"},"message":"[runtime-status] [25604] Resolved module firebase-admin {\"declared\":true,\"installed\":true,\"version\":\"9.4.2\",\"resolution\":\"E:\\\\00_Estudios\\\\01_Henry\\\\Henry App\\\\henry-app\\\\functions\\\\node_modules\\\\firebase-admin\\\\lib\\\\index.js\"}"}}
[debug] [2021-01-27T14:47:48.295Z] [runtime-status] [25604] Resolved module firebase-functions {"declared":true,"installed":true,"version":"3.13.1","resolution":"E:\\00_Estudios\\01_Henry\\Henry App\\henry-app\\functions\\node_modules\\firebase-functions\\lib\\index.js"} {"metadata":{"emulator":{"name":"functions"},"message":"[runtime-status] [25604] Resolved module firebase-functions {\"declared\":true,\"installed\":true,\"version\":\"3.13.1\",\"resolution\":\"E:\\\\00_Estudios\\\\01_Henry\\\\Henry App\\\\henry-app\\\\functions\\\\node_modules\\\\firebase-functions\\\\lib\\\\index.js\"}"}}
[debug] [2021-01-27T14:47:48.297Z] [runtime-status] [25604] Resolved module firebase-functions {"declared":true,"installed":true,"version":"3.13.1","resolution":"E:\\00_Estudios\\01_Henry\\Henry App\\henry-app\\functions\\node_modules\\firebase-functions\\lib\\index.js"} {"metadata":{"emulator":{"name":"functions"},"message":"[runtime-status] [25604] Resolved module firebase-functions {\"declared\":true,\"installed\":true,\"version\":\"3.13.1\",\"resolution\":\"E:\\\\00_Estudios\\\\01_Henry\\\\Henry App\\\\henry-app\\\\functions\\\\node_modules\\\\firebase-functions\\\\lib\\\\index.js\"}"}}
[debug] [2021-01-27T14:47:48.300Z] [runtime-status] [25604] Outgoing network have been stubbed. [{"name":"http","status":"mocked"},{"name":"http","status":"mocked"},{"name":"https","status":"mocked"},{"name":"https","status":"mocked"},{"name":"net","status":"mocked"}] {"metadata":{"emulator":{"name":"functions"},"message":"[runtime-status] [25604] Outgoing network have been stubbed. [{\"name\":\"http\",\"status\":\"mocked\"},{\"name\":\"http\",\"status\":\"mocked\"},{\"name\":\"https\",\"status\":\"mocked\"},{\"name\":\"https\",\"status\":\"mocked\"},{\"name\":\"net\",\"status\":\"mocked\"}]"}}
[debug] [2021-01-27T14:47:48.301Z] [runtime-status] [25604] Resolved module firebase-functions {"declared":true,"installed":true,"version":"3.13.1","resolution":"E:\\00_Estudios\\01_Henry\\Henry App\\henry-app\\functions\\node_modules\\firebase-functions\\lib\\index.js"} {"metadata":{"emulator":{"name":"functions"},"message":"[runtime-status] [25604] Resolved module firebase-functions {\"declared\":true,\"installed\":true,\"version\":\"3.13.1\",\"resolution\":\"E:\\\\00_Estudios\\\\01_Henry\\\\Henry App\\\\henry-app\\\\functions\\\\node_modules\\\\firebase-functions\\\\lib\\\\index.js\"}"}}
[debug] [2021-01-27T14:47:48.811Z] [runtime-status] [25604] Checked functions.config() {"config":{}} {"metadata":{"emulator":{"name":"functions"},"message":"[runtime-status] [25604] Checked functions.config() {\"config\":{}}"}}
[debug] [2021-01-27T14:47:48.811Z] [runtime-status] [25604] firebase-functions has been stubbed. {"functionsResolution":{"declared":true,"installed":true,"version":"3.13.1","resolution":"E:\\00_Estudios\\01_Henry\\Henry App\\henry-app\\functions\\node_modules\\firebase-functions\\lib\\index.js"}} {"metadata":{"emulator":{"name":"functions"},"message":"[runtime-status] [25604] firebase-functions has been stubbed. {\"functionsResolution\":{\"declared\":true,\"installed\":true,\"version\":\"3.13.1\",\"resolution\":\"E:\\\\00_Estudios\\\\01_Henry\\\\Henry App\\\\henry-app\\\\functions\\\\node_modules\\\\firebase-functions\\\\lib\\\\index.js\"}}"}}
[debug] [2021-01-27T14:47:48.811Z] [runtime-status] [25604] Resolved module firebase-functions {"declared":true,"installed":true,"version":"3.13.1","resolution":"E:\\00_Estudios\\01_Henry\\Henry App\\henry-app\\functions\\node_modules\\firebase-functions\\lib\\index.js"} {"metadata":{"emulator":{"name":"functions"},"message":"[runtime-status] [25604] Resolved module firebase-functions {\"declared\":true,\"installed\":true,\"version\":\"3.13.1\",\"resolution\":\"E:\\\\00_Estudios\\\\01_Henry\\\\Henry App\\\\henry-app\\\\functions\\\\node_modules\\\\firebase-functions\\\\lib\\\\index.js\"}"}}
[debug] [2021-01-27T14:47:48.812Z] [runtime-status] [25604] Resolved module firebase-admin {"declared":true,"installed":true,"version":"9.4.2","resolution":"E:\\00_Estudios\\01_Henry\\Henry App\\henry-app\\functions\\node_modules\\firebase-admin\\lib\\index.js"} {"metadata":{"emulator":{"name":"functions"},"message":"[runtime-status] [25604] Resolved module firebase-admin {\"declared\":true,\"installed\":true,\"version\":\"9.4.2\",\"resolution\":\"E:\\\\00_Estudios\\\\01_Henry\\\\Henry App\\\\henry-app\\\\functions\\\\node_modules\\\\firebase-admin\\\\lib\\\\index.js\"}"}}
[debug] [2021-01-27T14:47:48.813Z] [runtime-status] [25604] Resolved module firebase-functions {"declared":true,"installed":true,"version":"3.13.1","resolution":"E:\\00_Estudios\\01_Henry\\Henry App\\henry-app\\functions\\node_modules\\firebase-functions\\lib\\index.js"} {"metadata":{"emulator":{"name":"functions"},"message":"[runtime-status] [25604] Resolved module firebase-functions {\"declared\":true,\"installed\":true,\"version\":\"3.13.1\",\"resolution\":\"E:\\\\00_Estudios\\\\01_Henry\\\\Henry App\\\\henry-app\\\\functions\\\\node_modules\\\\firebase-functions\\\\lib\\\\index.js\"}"}}
[debug] [2021-01-27T14:47:48.813Z] [runtime-status] [25604] firebase-admin has been stubbed. {"adminResolution":{"declared":true,"installed":true,"version":"9.4.2","resolution":"E:\\00_Estudios\\01_Henry\\Henry App\\henry-app\\functions\\node_modules\\firebase-admin\\lib\\index.js"}} {"metadata":{"emulator":{"name":"functions"},"message":"[runtime-status] [25604] firebase-admin has been stubbed. {\"adminResolution\":{\"declared\":true,\"installed\":true,\"version\":\"9.4.2\",\"resolution\":\"E:\\\\00_Estudios\\\\01_Henry\\\\Henry App\\\\henry-app\\\\functions\\\\node_modules\\\\firebase-admin\\\\lib\\\\index.js\"}}"}}
[info] +  functions[mailer]: http function initialized (http://localhost:5000/henry-app-50edd/us-central1/mailer). {"metadata":{"emulator":{"name":"functions"},"message":"\u001b[1mhttp\u001b[22m function initialized (http://localhost:5000/henry-app-50edd/us-central1/mailer)."}}
[debug] [2021-01-27T14:47:49.705Z] [worker-~diagnostic~-cb7ee1c2-9f7f-492a-98ce-889483a1e6e3]: IDLE {"metadata":{"emulator":{"name":"functions"},"message":"[worker-~diagnostic~-cb7ee1c2-9f7f-492a-98ce-889483a1e6e3]: IDLE"}}
